+set trace-commands on
+set trace-commands on
+set logging on
Already logging to gdb_functions.log.
+set logging file trace.log
+set record function-call on
No symbol "on" in current context.
+set record function-call
Argument required (integer to set it to, or "unlimited").
+set record function-call 1
+break -function .
Function "." not defined.
+break -function .
Function "." not defined.
+break -function .
Function "." not defined.
Please answer y or [n].
+break -function .
Function "." not defined.
+break -function .set confirm off
rbreak .     # sets breakpoints on all functions
commands
  silent
  printf "→ Entered %s\n", __func__
  continue
end
Function ".set confirm off
rbreak .     # sets breakpoints on all functions
commands
  silent
  printf "→ Entered %s\n"" not defined.
Please answer y or [n].
+set confirm off
rbreak .     # sets breakpoints on all functions
commands
  silent
  printf "→ Entered %s\n", __func__
  continue
end
"on" or "off" expected.
+c
Continuing.

Program received signal SIGINT, Interrupt.
0xffffffff80001bde in crashISRHandler (regs=0xffff8000bff8bd48, regs@entry=<optimized out>) at ../src/arch/x86_64/cpu/idt.c:146
146	        asm volatile ("hlt");
1: x/i $pc
=> 0xffffffff80001bde <crashISRHandler+376>:	jmp    0xffffffff80001bdd <crashISRHandler+375>
+break -function .set confirm off
rbreak .     # sets breakpoints on all functions
commands
  silent
  printf "→ Entered %s\n", __func__
  continue
e
Function ".set confirm off
rbreak .     # sets breakpoints on all functions
commands
  silent
  printf "→ Entered %s\n"" not defined.
+target remote :1234
Remote connection closed
+target remote :1234
Remote debugging using :1234

Program received signal SIGTRAP, Trace/breakpoint trap.
0x000000000000fff0 in ?? ()
1: x/i $pc
=> 0xfff0:	add    %al,(%rax)
+c
Continuing.

Breakpoint 4, initACPI (rsdp=18446744073709551615, rsdp@entry=<optimized out>) at ../src/arch/x86_64/cpu/acpi.c:377
377	void initACPI(uint64_t rsdp) {
1: x/i $pc
=> 0xffffffff800067fc <initACPI>:	push   %rbp
Quit
+c
Continuing.

Program received signal SIGINT, Interrupt.
0xffffffff80001bde in crashISRHandler (regs=0xffff8000bff8bd48, regs@entry=<optimized out>) at ../src/arch/x86_64/cpu/idt.c:146
146	        asm volatile ("hlt");
1: x/i $pc
=> 0xffffffff80001bde <crashISRHandler+376>:	jmp    0xffffffff80001bdd <crashISRHandler+375>
